AppCovid/app/build/intermediates/manifest_merge_blame_file/debug/manifest-merger-blame-debug-report.txt
1<?xml version="1.0" encoding="utf-8"?>
2<manifest xmlns:android="http://schemas.android.com/apk/res/android"
3    package="com.example.aplicacion"
4    android:versionCode="1"
5    android:versionName="1.0" >
6
7    <uses-sdk
8        android:minSdkVersion="21"
8-->src\main\AndroidManifest.xml
9        android:targetSdkVersion="29" />
9-->src\main\AndroidManifest.xml
10
11    <uses-permission android:name="android.permission.INTERNET" />
11-->src\main\AndroidManifest.xml:5:5-67
11-->src\main\AndroidManifest.xml:5:22-64
12
13    <application
13-->src\main\AndroidManifest.xml:7:5-48:19
14        android:allowBackup="true"
14-->src\main\AndroidManifest.xml:8:9-35
15        android:appComponentFactory="androidx.core.app.CoreComponentFactory"
15-->[androidx.core:core:1.1.0] AndroidManifest.xml:24:18-86
16        android:debuggable="true"
17        android:icon="@mipmap/ic_launcher"
17-->src\main\AndroidManifest.xml:9:9-43
18        android:label="@string/app_name"
18-->src\main\AndroidManifest.xml:10:9-41
19        android:roundIcon="@mipmap/ic_launcher_round"
19-->src\main\AndroidManifest.xml:11:9-54
20        android:supportsRtl="true"
20-->src\main\AndroidManifest.xml:12:9-35
21        android:testOnly="true"
22        android:theme="@style/AppTheme"
22-->src\main\AndroidManifest.xml:14:9-40
23        android:usesCleartextTraffic="true" >
23-->src\main\AndroidManifest.xml:13:9-44
24        <activity android:name="com.example.aplicacion.ui.registrar.registroPersona" >
24-->src\main\AndroidManifest.xml:16:9-18:20
24-->src\main\AndroidManifest.xml:16:19-63
25        </activity>
26        <activity android:name="com.example.aplicacion.ui.registrar.RegistrarActivity" >
26-->src\main\AndroidManifest.xml:20:9-26:20
26-->src\main\AndroidManifest.xml:20:19-65
27            <intent-filter>
27-->src\main\AndroidManifest.xml:21:13-25:29
28                <action android:name="android.intent.action.MAIN" />
28-->src\main\AndroidManifest.xml:22:17-69
28-->src\main\AndroidManifest.xml:22:25-66
29
30                <category android:name="android.intent.category.LAUNCHER" />
30-->src\main\AndroidManifest.xml:24:17-77
30-->src\main\AndroidManifest.xml:24:27-74
31            </intent-filter>
32        </activity>
33        <activity
33-->src\main\AndroidManifest.xml:28:9-30:48
34            android:name="com.example.aplicacion.MainActivity"
34-->src\main\AndroidManifest.xml:29:13-41
35            android:label="@string/app_name" />
35-->src\main\AndroidManifest.xml:30:13-45
36        <!-- triaje -->
37        <activity
37-->src\main\AndroidManifest.xml:32:9-34:58
38            android:name="com.example.aplicacion.TriajeActivity"
38-->src\main\AndroidManifest.xml:33:13-43
39            android:parentActivityName="com.example.aplicacion.MainActivity" />
39-->src\main\AndroidManifest.xml:34:13-55
40        <activity
40-->src\main\AndroidManifest.xml:35:9-37:59
41            android:name="com.example.aplicacion.ui.test.Test1Activity"
41-->src\main\AndroidManifest.xml:36:13-50
42            android:parentActivityName="com.example.aplicacion.TriajeActivity" />
42-->src\main\AndroidManifest.xml:37:13-57
43        <activity
43-->src\main\AndroidManifest.xml:38:9-40:67
44            android:name="com.example.aplicacion.ui.test.Test2Activity"
44-->src\main\AndroidManifest.xml:39:13-50
45            android:parentActivityName="com.example.aplicacion.ui.test.Test1Activity" />
45-->src\main\AndroidManifest.xml:40:13-64
46        <activity
46-->src\main\AndroidManifest.xml:41:9-43:67
47            android:name="com.example.aplicacion.ui.test.Test3Activity"
47-->src\main\AndroidManifest.xml:42:13-50
48            android:parentActivityName="com.example.aplicacion.ui.test.Test2Activity" />
48-->src\main\AndroidManifest.xml:43:13-64
49        <activity
49-->src\main\AndroidManifest.xml:44:9-46:57
50            android:name="com.example.aplicacion.ui.test.Test4Activity"
50-->src\main\AndroidManifest.xml:45:13-50
51            android:parentActivityName="com.example.aplicacion.MainActivity" />
51-->src\main\AndroidManifest.xml:46:13-55
52
53        <provider
53-->[androidx.lifecycle:lifecycle-process:2.0.0] AndroidManifest.xml:23:9-27:43
54            android:name="androidx.lifecycle.ProcessLifecycleOwnerInitializer"
54-->[androidx.lifecycle:lifecycle-process:2.0.0] AndroidManifest.xml:24:13-79
55            android:authorities="com.example.aplicacion.lifecycle-process"
55-->[androidx.lifecycle:lifecycle-process:2.0.0] AndroidManifest.xml:25:13-69
56            android:exported="false"
56-->[androidx.lifecycle:lifecycle-process:2.0.0] AndroidManifest.xml:26:13-37
57            android:multiprocess="true" />
57-->[androidx.lifecycle:lifecycle-process:2.0.0] AndroidManifest.xml:27:13-40
58    </application>
59
60</manifest>